modules/runholic-foreground/android/build/intermediates/manifest_merge_blame_file/debug/processDebugManifest/manifest-merger-blame-debug-report.txt
1<?xml version="1.0" encoding="utf-8"?>
2<manifest xmlns:android="http://schemas.android.com/apk/res/android"
3    package="com.starbion.runholicforeground" >
4
5    <uses-sdk android:minSdkVersion="24" />
6
7    <uses-permission android:name="android.permission.FOREGROUND_SERVICE" />
7-->src/main/AndroidManifest.xml:2:3-75
7-->src/main/AndroidManifest.xml:2:20-72
8    <uses-permission android:name="android.permission.FOREGROUND_SERVICE_LOCATION" />
8-->src/main/AndroidManifest.xml:3:3-84
8-->src/main/AndroidManifest.xml:3:20-81
9    <uses-permission android:name="android.permission.WAKE_LOCK" />
9-->src/main/AndroidManifest.xml:4:3-66
9-->src/main/AndroidManifest.xml:4:20-63
10
11    <application>
11-->src/main/AndroidManifest.xml:6:3-12:17
12        <service
12-->src/main/AndroidManifest.xml:7:5-11:50
13            android:name="com.starbion.runholicforeground.RunTrackingService"
13-->src/main/AndroidManifest.xml:8:7-41
14            android:enabled="true"
14-->src/main/AndroidManifest.xml:9:7-29
15            android:exported="false"
15-->src/main/AndroidManifest.xml:10:7-31
16            android:foregroundServiceType="location" />
16-->src/main/AndroidManifest.xml:11:7-47
17    </application>
18
19</manifest>